# JRE version: OpenJDK Runtime Environment Temurin-21.0.9+10 (21.0.9+10) (build 21.0.9+10-LTS)
# Java VM: OpenJDK 64-Bit Server VM Temurin-21.0.9+10 (21.0.9+10-LTS, mixed mode, sharing, tiered, compressed oops, compressed class ptrs, g1 gc, windows-amd64)
GC Precious Log:
 CardTable entry size: 512
 Card Set container configuration: InlinePtr #cards 4 size 8 Array Of Cards #cards 32 size 80 Howl #buckets 8 coarsen threshold 7372 Howl Bitmap #cards 1024 size 144 coarsen threshold 921 Card regions per heap region 1 cards per card region 8192
 CPUs: 8 total, 8 available
 Memory: 5877M
 Large Page Support: Disabled
 NUMA Support: Disabled
 Compressed Oops: Enabled (Zero based)
 Heap Region Size: 4M
 Heap Min Capacity: 8M
 Heap Initial Capacity: 92M
 Heap Max Capacity: 8G
 Pre-touch: Disabled
 Parallel Workers: 8
 Concurrent Workers: 2
 Concurrent Refinement Workers: 8
 Periodic GC: Disabled
Heap:
 garbage-first heap   total 94208K, used 37624K [0x0000000600000000, 0x0000000800000000)
  region size 4096K, 2 young (8192K), 2 survivors (8192K)
 Metaspace       used 40601K, committed 41856K, reserved 1114112K
  class space    used 5600K, committed 6208K, reserved 1048576K
GC Heap History (20 events):
Event: 1.780 GC heap after
{Heap after GC invocations=1 (full 0):
 garbage-first heap   total 94208K, used 1441K [0x0000000600000000, 0x0000000800000000)
  region size 4096K, 1 young (4096K), 1 survivors (4096K)
 Metaspace       used 870K, committed 1024K, reserved 1114112K
  class space    used 70K, committed 128K, reserved 1048576K
}
Event: 2.612 GC heap before
{Heap before GC invocations=1 (full 0):
 garbage-first heap   total 94208K, used 42401K [0x0000000600000000, 0x0000000800000000)
  region size 4096K, 11 young (45056K), 1 survivors (4096K)
 Metaspace       used 4415K, committed 4608K, reserved 1114112K
  class space    used 554K, committed 640K, reserved 1048576K
}
Event: 2.620 GC heap after
{Heap after GC invocations=2 (full 0):
 garbage-first heap   total 94208K, used 12066K [0x0000000600000000, 0x0000000800000000)
  region size 4096K, 2 young (8192K), 2 survivors (8192K)
 Metaspace       used 4415K, committed 4608K, reserved 1114112K
  class space    used 554K, committed 640K, reserved 1048576K
}
Event: 3.188 GC heap before
{Heap before GC invocations=2 (full 0):
 garbage-first heap   total 94208K, used 48930K [0x0000000600000000, 0x0000000800000000)
  region size 4096K, 12 young (49152K), 2 survivors (8192K)
 Metaspace       used 5146K, committed 5376K, reserved 1114112K
  class space    used 679K, committed 768K, reserved 1048576K
}
Event: 3.197 GC heap after
{Heap after GC invocations=3 (full 0):
 garbage-first heap   total 94208K, used 17259K [0x0000000600000000, 0x0000000800000000)
  region size 4096K, 2 young (8192K), 2 survivors (8192K)
 Metaspace       used 5146K, committed 5376K, reserved 1114112K
  class space    used 679K, committed 768K, reserved 1048576K
}
Event: 4.265 GC heap before
{Heap before GC invocations=3 (full 0):
 garbage-first heap   total 94208K, used 58219K [0x0000000600000000, 0x0000000800000000)
  region size 4096K, 12 young (49152K), 2 survivors (8192K)
 Metaspace       used 14497K, committed 14848K, reserved 1114112K
  class space    used 1965K, committed 2112K, reserved 1048576K
}
Event: 4.270 GC heap after
{Heap after GC invocations=4 (full 0):
 garbage-first heap   total 94208K, used 21167K [0x0000000600000000, 0x0000000800000000)
  region size 4096K, 2 young (8192K), 2 survivors (8192K)
 Metaspace       used 14497K, committed 14848K, reserved 1114112K
  class space    used 1965K, committed 2112K, reserved 1048576K
}
Event: 5.154 GC heap before
{Heap before GC invocations=4 (full 0):
 garbage-first heap   total 94208K, used 58031K [0x0000000600000000, 0x0000000800000000)
  region size 4096K, 11 young (45056K), 2 survivors (8192K)
 Metaspace       used 19782K, committed 20352K, reserved 1114112K
  class space    used 2856K, committed 3136K, reserved 1048576K
}
Event: 5.158 GC heap after
{Heap after GC invocations=5 (full 0):
 garbage-first heap   total 94208K, used 23292K [0x0000000600000000, 0x0000000800000000)
  region size 4096K, 2 young (8192K), 2 survivors (8192K)
 Metaspace       used 19782K, committed 20352K, reserved 1114112K
  class space    used 2856K, committed 3136K, reserved 1048576K
}
Event: 5.464 GC heap before
{Heap before GC invocations=5 (full 0):
 garbage-first heap   total 94208K, used 31484K [0x0000000600000000, 0x0000000800000000)
  region size 4096K, 5 young (20480K), 2 survivors (8192K)
 Metaspace       used 20907K, committed 21504K, reserved 1114112K
  class space    used 3056K, committed 3328K, reserved 1048576K
}
Event: 5.470 GC heap after
{Heap after GC invocations=6 (full 0):
 garbage-first heap   total 94208K, used 24208K [0x0000000600000000, 0x0000000800000000)
  region size 4096K, 1 young (4096K), 1 survivors (4096K)
 Metaspace       used 20907K, committed 21504K, reserved 1114112K
  class space    used 3056K, committed 3328K, reserved 1048576K
}
Event: 6.249 GC heap before
{Heap before GC invocations=7 (full 0):
 garbage-first heap   total 94208K, used 65168K [0x0000000600000000, 0x0000000800000000)
  region size 4096K, 11 young (45056K), 1 survivors (4096K)
 Metaspace       used 26242K, committed 27200K, reserved 1114112K
  class space    used 3895K, committed 4352K, reserved 1048576K
}
Event: 6.254 GC heap after
{Heap after GC invocations=8 (full 0):
 garbage-first heap   total 94208K, used 28484K [0x0000000600000000, 0x0000000800000000)
  region size 4096K, 2 young (8192K), 2 survivors (8192K)
 Metaspace       used 26242K, committed 27200K, reserved 1114112K
  class space    used 3895K, committed 4352K, reserved 1048576K
}
Event: 7.036 GC heap before
{Heap before GC invocations=8 (full 0):
 garbage-first heap   total 94208K, used 69444K [0x0000000600000000, 0x0000000800000000)
  region size 4096K, 12 young (49152K), 2 survivors (8192K)
 Metaspace       used 33679K, committed 34688K, reserved 1114112K
  class space    used 4855K, committed 5312K, reserved 1048576K
}
Event: 7.044 GC heap after
{Heap after GC invocations=9 (full 0):
 garbage-first heap   total 94208K, used 31578K [0x0000000600000000, 0x0000000800000000)
  region size 4096K, 2 young (8192K), 2 survivors (8192K)
 Metaspace       used 33679K, committed 34688K, reserved 1114112K
  class space    used 4855K, committed 5312K, reserved 1048576K
}
Event: 7.171 GC heap before
{Heap before GC invocations=9 (full 0):
 garbage-first heap   total 94208K, used 35674K [0x0000000600000000, 0x0000000800000000)
  region size 4096K, 4 young (16384K), 2 survivors (8192K)
 Metaspace       used 35106K, committed 36096K, reserved 1114112K
  class space    used 5024K, committed 5504K, reserved 1048576K
}
Event: 7.176 GC heap after
{Heap after GC invocations=10 (full 0):
 garbage-first heap   total 94208K, used 33005K [0x0000000600000000, 0x0000000800000000)
  region size 4096K, 2 young (8192K), 2 survivors (8192K)
 Metaspace       used 35106K, committed 36096K, reserved 1114112K
  class space    used 5024K, committed 5504K, reserved 1048576K
}
Event: 7.584 GC heap before
{Heap before GC invocations=11 (full 0):
 garbage-first heap   total 94208K, used 69869K [0x0000000600000000, 0x0000000800000000)
  region size 4096K, 12 young (49152K), 2 survivors (8192K)
 Metaspace       used 37499K, committed 38528K, reserved 1114112K
  class space    used 5267K, committed 5760K, reserved 1048576K
}
Event: 7.589 GC heap after
{Heap after GC invocations=12 (full 0):
 garbage-first heap   total 94208K, used 36594K [0x0000000600000000, 0x0000000800000000)
  region size 4096K, 2 young (8192K), 2 survivors (8192K)
 Metaspace       used 37499K, committed 38528K, reserved 1114112K
  class space    used 5267K, committed 5760K, reserved 1048576K
}
Event: 7.983 GC heap before
{Heap before GC invocations=12 (full 0):
 garbage-first heap   total 94208K, used 73458K [0x0000000600000000, 0x0000000800000000)
  region size 4096K, 12 young (49152K), 2 survivors (8192K)
 Metaspace       used 40601K, committed 41856K, reserved 1114112K
  class space    used 5600K, committed 6208K, reserved 1048576K
}

