# JRE version: OpenJDK Runtime Environment Temurin-21.0.9+10 (21.0.9+10) (build 21.0.9+10-LTS)
# Java VM: OpenJDK 64-Bit Server VM Temurin-21.0.9+10 (21.0.9+10-LTS, mixed mode, sharing, tiered, compressed oops, compressed class ptrs, g1 gc, windows-amd64)
GC Precious Log:
 CardTable entry size: 512
 Card Set container configuration: InlinePtr #cards 4 size 8 Array Of Cards #cards 32 size 80 Howl #buckets 8 coarsen threshold 7372 Howl Bitmap #cards 1024 size 144 coarsen threshold 921 Card regions per heap region 1 cards per card region 8192
 CPUs: 8 total, 8 available
 Memory: 5877M
 Large Page Support: Disabled
 NUMA Support: Disabled
 Compressed Oops: Enabled (Zero based)
 Heap Region Size: 4M
 Heap Min Capacity: 8M
 Heap Initial Capacity: 92M
 Heap Max Capacity: 8G
 Pre-touch: Disabled
 Parallel Workers: 8
 Concurrent Workers: 2
 Concurrent Refinement Workers: 8
 Periodic GC: Disabled
Heap:
 garbage-first heap   total 114688K, used 76686K [0x0000000600000000, 0x0000000800000000)
  region size 4096K, 12 young (49152K), 1 survivors (4096K)
 Metaspace       used 42681K, committed 44160K, reserved 1114112K
  class space    used 6061K, committed 6784K, reserved 1048576K
GC Heap History (20 events):
Event: 0.345 GC heap before
{Heap before GC invocations=0 (full 0):
 garbage-first heap   total 94208K, used 20480K [0x0000000600000000, 0x0000000800000000)
  region size 4096K, 5 young (20480K), 0 survivors (0K)
 Metaspace       used 859K, committed 1024K, reserved 1114112K
  class space    used 70K, committed 128K, reserved 1048576K
}
Event: 0.348 GC heap after
{Heap after GC invocations=1 (full 0):
 garbage-first heap   total 94208K, used 1408K [0x0000000600000000, 0x0000000800000000)
  region size 4096K, 1 young (4096K), 1 survivors (4096K)
 Metaspace       used 859K, committed 1024K, reserved 1114112K
  class space    used 70K, committed 128K, reserved 1048576K
}
Event: 1.080 GC heap before
{Heap before GC invocations=1 (full 0):
 garbage-first heap   total 94208K, used 42368K [0x0000000600000000, 0x0000000800000000)
  region size 4096K, 11 young (45056K), 1 survivors (4096K)
 Metaspace       used 4429K, committed 4608K, reserved 1114112K
  class space    used 555K, committed 640K, reserved 1048576K
}
Event: 1.086 GC heap after
{Heap after GC invocations=2 (full 0):
 garbage-first heap   total 94208K, used 12123K [0x0000000600000000, 0x0000000800000000)
  region size 4096K, 2 young (8192K), 2 survivors (8192K)
 Metaspace       used 4429K, committed 4608K, reserved 1114112K
  class space    used 555K, committed 640K, reserved 1048576K
}
Event: 1.503 GC heap before
{Heap before GC invocations=2 (full 0):
 garbage-first heap   total 94208K, used 48987K [0x0000000600000000, 0x0000000800000000)
  region size 4096K, 12 young (49152K), 2 survivors (8192K)
 Metaspace       used 5129K, committed 5376K, reserved 1114112K
  class space    used 676K, committed 768K, reserved 1048576K
}
Event: 1.511 GC heap after
{Heap after GC invocations=3 (full 0):
 garbage-first heap   total 94208K, used 17049K [0x0000000600000000, 0x0000000800000000)
  region size 4096K, 2 young (8192K), 2 survivors (8192K)
 Metaspace       used 5129K, committed 5376K, reserved 1114112K
  class space    used 676K, committed 768K, reserved 1048576K
}
Event: 2.323 GC heap before
{Heap before GC invocations=3 (full 0):
 garbage-first heap   total 94208K, used 58009K [0x0000000600000000, 0x0000000800000000)
  region size 4096K, 12 young (49152K), 2 survivors (8192K)
 Metaspace       used 14124K, committed 14528K, reserved 1114112K
  class space    used 1937K, committed 2112K, reserved 1048576K
}
Event: 2.328 GC heap after
{Heap after GC invocations=4 (full 0):
 garbage-first heap   total 94208K, used 21413K [0x0000000600000000, 0x0000000800000000)
  region size 4096K, 2 young (8192K), 2 survivors (8192K)
 Metaspace       used 14124K, committed 14528K, reserved 1114112K
  class space    used 1937K, committed 2112K, reserved 1048576K
}
Event: 3.007 GC heap before
{Heap before GC invocations=4 (full 0):
 garbage-first heap   total 94208K, used 58277K [0x0000000600000000, 0x0000000800000000)
  region size 4096K, 11 young (45056K), 2 survivors (8192K)
 Metaspace       used 19663K, committed 20288K, reserved 1114112K
  class space    used 2837K, committed 3136K, reserved 1048576K
}
Event: 3.012 GC heap after
{Heap after GC invocations=5 (full 0):
 garbage-first heap   total 94208K, used 24020K [0x0000000600000000, 0x0000000800000000)
  region size 4096K, 2 young (8192K), 2 survivors (8192K)
 Metaspace       used 19663K, committed 20288K, reserved 1114112K
  class space    used 2837K, committed 3136K, reserved 1048576K
}
Event: 3.222 GC heap before
{Heap before GC invocations=5 (full 0):
 garbage-first heap   total 94208K, used 32212K [0x0000000600000000, 0x0000000800000000)
  region size 4096K, 5 young (20480K), 2 survivors (8192K)
 Metaspace       used 20844K, committed 21504K, reserved 1114112K
  class space    used 3042K, committed 3328K, reserved 1048576K
}
Event: 3.228 GC heap after
{Heap after GC invocations=6 (full 0):
 garbage-first heap   total 94208K, used 24730K [0x0000000600000000, 0x0000000800000000)
  region size 4096K, 1 young (4096K), 1 survivors (4096K)
 Metaspace       used 20844K, committed 21504K, reserved 1114112K
  class space    used 3042K, committed 3328K, reserved 1048576K
}
Event: 4.009 GC heap before
{Heap before GC invocations=7 (full 0):
 garbage-first heap   total 94208K, used 69786K [0x0000000600000000, 0x0000000800000000)
  region size 4096K, 12 young (49152K), 1 survivors (4096K)
 Metaspace       used 27112K, committed 28032K, reserved 1114112K
  class space    used 4067K, committed 4480K, reserved 1048576K
}
Event: 4.013 GC heap after
{Heap after GC invocations=8 (full 0):
 garbage-first heap   total 94208K, used 26907K [0x0000000600000000, 0x0000000800000000)
  region size 4096K, 2 young (8192K), 2 survivors (8192K)
 Metaspace       used 27112K, committed 28032K, reserved 1114112K
  class space    used 4067K, committed 4480K, reserved 1048576K
}
Event: 4.708 GC heap before
{Heap before GC invocations=8 (full 0):
 garbage-first heap   total 94208K, used 67867K [0x0000000600000000, 0x0000000800000000)
  region size 4096K, 13 young (53248K), 2 survivors (8192K)
 Metaspace       used 33849K, committed 34816K, reserved 1114112K
  class space    used 4838K, committed 5312K, reserved 1048576K
}
Event: 4.715 GC heap after
{Heap after GC invocations=9 (full 0):
 garbage-first heap   total 94208K, used 32318K [0x0000000600000000, 0x0000000800000000)
  region size 4096K, 2 young (8192K), 2 survivors (8192K)
 Metaspace       used 33849K, committed 34816K, reserved 1114112K
  class space    used 4838K, committed 5312K, reserved 1048576K
}
Event: 4.885 GC heap before
{Heap before GC invocations=9 (full 0):
 garbage-first heap   total 94208K, used 44606K [0x0000000600000000, 0x0000000800000000)
  region size 4096K, 7 young (28672K), 2 survivors (8192K)
 Metaspace       used 34947K, committed 35968K, reserved 1114112K
  class space    used 4965K, committed 5440K, reserved 1048576K
}
Event: 4.892 GC heap after
{Heap after GC invocations=10 (full 0):
 garbage-first heap   total 94208K, used 35287K [0x0000000600000000, 0x0000000800000000)
  region size 4096K, 1 young (4096K), 1 survivors (4096K)
 Metaspace       used 34947K, committed 35968K, reserved 1114112K
  class space    used 4965K, committed 5440K, reserved 1048576K
}
Event: 5.243 GC heap before
{Heap before GC invocations=11 (full 0):
 garbage-first heap   total 94208K, used 72151K [0x0000000600000000, 0x0000000800000000)
  region size 4096K, 11 young (45056K), 1 survivors (4096K)
 Metaspace       used 38287K, committed 39360K, reserved 1114112K
  class space    used 5319K, committed 5824K, reserved 1048576K
}
Event: 5.246 GC heap after
{Heap after GC invocations=12 (full 0):
 garbage-first heap   total 114688K, used 35726K [0x0000000600000000, 0x0000000800000000)
  region size 4096K, 1 young (4096K), 1 survivors (4096K)
 Metaspace       used 38287K, committed 39360K, reserved 1114112K
  class space    used 5319K, committed 5824K, reserved 1048576K
}

